        -:    0:Source:Example.c
        -:    0:Graph:Example.gcno
        -:    0:Data:Example.gcda
        -:    0:Runs:1
        -:    0:Programs:1
        -:    1:#include<stdio.h>
function main called 1 returned 100% blocks executed 71%
        1:    2:int main()
        -:    3:{
        1:    4:        int cond = 1;
        1:    5:        if ( cond ) {
branch  0 taken 1 (fallthrough)
branch  1 taken 0
        1:    6:                printf("Condition is true...!\n");
call    0 returned 1
        -:    7:        } else {
    #####:    8:                printf("Condition is false...!\n");
call    0 never executed
    #####:    9:                return(1);
        -:   10:        }
        1:   11:        printf("End of program\n");
call    0 returned 1
        1:   12:        return(0);
        -:   13:}
